<?xml version="1.0" encoding="UTF-8"?>
<testng-results skipped="0" failed="0" ignored="0" total="2" passed="2">
  <reporter-output>
  </reporter-output>
  <suite name="Suite" duration-ms="72" started-at="2019-07-31T23:54:25Z" finished-at="2019-07-31T23:54:25Z">
    <groups>
    </groups>
    <test name="Test" duration-ms="72" started-at="2019-07-31T23:54:25Z" finished-at="2019-07-31T23:54:25Z">
      <class name="com.java.testng.youtube.UnderstandingTestNG2">
        <test-method status="PASS" signature="testng1()[pri:0, instance:com.java.testng.youtube.UnderstandingTestNG2@5d5eef3d]" name="testng1" duration-ms="10" started-at="2019-07-31T23:54:25Z" finished-at="2019-07-31T23:54:25Z">
          <reporter-output>
          </reporter-output>
        </test-method> <!-- testng1 -->
      </class> <!-- com.java.testng.youtube.UnderstandingTestNG2 -->
      <class name="com.java.testng.youtube.UnderstandingTestNG">
        <test-method status="PASS" signature="testng()[pri:0, instance:com.java.testng.youtube.UnderstandingTestNG@4439f31e]" name="testng" duration-ms="14" started-at="2019-07-31T23:54:25Z" finished-at="2019-07-31T23:54:25Z">
          <reporter-output>
          </reporter-output>
        </test-method> <!-- testng -->
      </class> <!-- com.java.testng.youtube.UnderstandingTestNG -->
    </test> <!-- Test -->
  </suite> <!-- Suite -->
</testng-results>
